<?xml version="1.0" encoding="UTF-8"?>
<testsuite xmlns:xsi="http://www.w3.org/2001/XMLSchema-instance" xsi:noNamespaceSchemaLocation="https://maven.apache.org/surefire/maven-surefire-plugin/xsd/surefire-test-report-3.0.xsd" version="3.0" name="TestSuite" time="5.82" tests="5" errors="0" skipped="0" failures="0">
  <properties>
    <property name="sun.desktop" value="windows"/>
    <property name="awt.toolkit" value="sun.awt.windows.WToolkit"/>
    <property name="java.specification.version" value="11"/>
    <property name="sun.cpu.isalist" value="amd64"/>
    <property name="sun.jnu.encoding" value="Cp1252"/>
    <property name="java.class.path" value="C:\Users\sinan\OneDrive\EclipsProjects\VideoGameProject\target\test-classes;C:\Users\sinan\OneDrive\EclipsProjects\VideoGameProject\target\classes;C:\Users\sinan\.m2\repository\io\rest-assured\rest-assured\4.3.0\rest-assured-4.3.0.jar;C:\Users\sinan\.m2\repository\org\codehaus\groovy\groovy\3.0.2\groovy-3.0.2.jar;C:\Users\sinan\.m2\repository\org\codehaus\groovy\groovy-xml\3.0.2\groovy-xml-3.0.2.jar;C:\Users\sinan\.m2\repository\org\apache\httpcomponents\httpclient\4.5.3\httpclient-4.5.3.jar;C:\Users\sinan\.m2\repository\org\apache\httpcomponents\httpcore\4.4.6\httpcore-4.4.6.jar;C:\Users\sinan\.m2\repository\commons-logging\commons-logging\1.2\commons-logging-1.2.jar;C:\Users\sinan\.m2\repository\commons-codec\commons-codec\1.9\commons-codec-1.9.jar;C:\Users\sinan\.m2\repository\org\apache\httpcomponents\httpmime\4.5.3\httpmime-4.5.3.jar;C:\Users\sinan\.m2\repository\org\hamcrest\hamcrest\2.1\hamcrest-2.1.jar;C:\Users\sinan\.m2\repository\org\ccil\cowan\tagsoup\tagsoup\1.2.1\tagsoup-1.2.1.jar;C:\Users\sinan\.m2\repository\io\rest-assured\json-path\4.3.0\json-path-4.3.0.jar;C:\Users\sinan\.m2\repository\org\codehaus\groovy\groovy-json\3.0.2\groovy-json-3.0.2.jar;C:\Users\sinan\.m2\repository\io\rest-assured\rest-assured-common\4.3.0\rest-assured-common-4.3.0.jar;C:\Users\sinan\.m2\repository\io\rest-assured\xml-path\4.3.0\xml-path-4.3.0.jar;C:\Users\sinan\.m2\repository\jakarta\xml\bind\jakarta.xml.bind-api\2.3.2\jakarta.xml.bind-api-2.3.2.jar;C:\Users\sinan\.m2\repository\jakarta\activation\jakarta.activation-api\1.2.1\jakarta.activation-api-1.2.1.jar;C:\Users\sinan\.m2\repository\com\sun\xml\bind\jaxb-osgi\2.3.0.1\jaxb-osgi-2.3.0.1.jar;C:\Users\sinan\.m2\repository\org\apache\sling\org.apache.sling.javax.activation\0.1.0\org.apache.sling.javax.activation-0.1.0.jar;C:\Users\sinan\.m2\repository\javax\activation\activation\1.1.1\activation-1.1.1.jar;C:\Users\sinan\.m2\repository\org\json\json\20190722\json-20190722.jar;C:\Users\sinan\.m2\repository\org\testng\testng\7.5\testng-7.5.jar;C:\Users\sinan\.m2\repository\com\google\code\findbugs\jsr305\3.0.1\jsr305-3.0.1.jar;C:\Users\sinan\.m2\repository\com\beust\jcommander\1.78\jcommander-1.78.jar;C:\Users\sinan\.m2\repository\org\webjars\jquery\3.5.1\jquery-3.5.1.jar;C:\Users\sinan\.m2\repository\com\google\code\gson\gson\2.8.6\gson-2.8.6.jar;C:\Users\sinan\.m2\repository\org\codehaus\jackson\jackson-mapper-asl\1.9.13\jackson-mapper-asl-1.9.13.jar;C:\Users\sinan\.m2\repository\org\codehaus\jackson\jackson-core-asl\1.9.13\jackson-core-asl-1.9.13.jar;C:\Users\sinan\.m2\repository\org\hamcrest\hamcrest-library\2.2\hamcrest-library-2.2.jar;C:\Users\sinan\.m2\repository\org\hamcrest\hamcrest-core\2.2\hamcrest-core-2.2.jar;C:\Users\sinan\.m2\repository\org\apache\commons\commons-lang3\3.12.0\commons-lang3-3.12.0.jar;C:\Users\sinan\.m2\repository\commons-io\commons-io\1.3.2\commons-io-1.3.2.jar;C:\Users\sinan\.m2\repository\org\slf4j\slf4j-api\2.0.0-alpha7\slf4j-api-2.0.0-alpha7.jar;"/>
    <property name="java.vm.vendor" value="Oracle Corporation"/>
    <property name="sun.arch.data.model" value="64"/>
    <property name="user.variant" value=""/>
    <property name="java.vendor.url" value="https://openjdk.java.net/"/>
    <property name="user.timezone" value="America/New_York"/>
    <property name="java.vm.specification.version" value="11"/>
    <property name="os.name" value="Windows 10"/>
    <property name="sun.java.launcher" value="SUN_STANDARD"/>
    <property name="user.country" value="US"/>
    <property name="sun.boot.library.path" value="C:\Program Files\Java\jdk-11.0.13\bin"/>
    <property name="sun.java.command" value="C:\Users\sinan\AppData\Local\Temp\surefire11106494643420431539\surefirebooter8015239923417727957.jar C:\Users\sinan\AppData\Local\Temp\surefire11106494643420431539 2022-05-17T11-46-16_111-jvmRun1 surefire4046916594660634846tmp surefire_010079985326557250189tmp"/>
    <property name="jdk.debug" value="release"/>
    <property name="surefire.test.class.path" value="C:\Users\sinan\OneDrive\EclipsProjects\VideoGameProject\target\test-classes;C:\Users\sinan\OneDrive\EclipsProjects\VideoGameProject\target\classes;C:\Users\sinan\.m2\repository\io\rest-assured\rest-assured\4.3.0\rest-assured-4.3.0.jar;C:\Users\sinan\.m2\repository\org\codehaus\groovy\groovy\3.0.2\groovy-3.0.2.jar;C:\Users\sinan\.m2\repository\org\codehaus\groovy\groovy-xml\3.0.2\groovy-xml-3.0.2.jar;C:\Users\sinan\.m2\repository\org\apache\httpcomponents\httpclient\4.5.3\httpclient-4.5.3.jar;C:\Users\sinan\.m2\repository\org\apache\httpcomponents\httpcore\4.4.6\httpcore-4.4.6.jar;C:\Users\sinan\.m2\repository\commons-logging\commons-logging\1.2\commons-logging-1.2.jar;C:\Users\sinan\.m2\repository\commons-codec\commons-codec\1.9\commons-codec-1.9.jar;C:\Users\sinan\.m2\repository\org\apache\httpcomponents\httpmime\4.5.3\httpmime-4.5.3.jar;C:\Users\sinan\.m2\repository\org\hamcrest\hamcrest\2.1\hamcrest-2.1.jar;C:\Users\sinan\.m2\repository\org\ccil\cowan\tagsoup\tagsoup\1.2.1\tagsoup-1.2.1.jar;C:\Users\sinan\.m2\repository\io\rest-assured\json-path\4.3.0\json-path-4.3.0.jar;C:\Users\sinan\.m2\repository\org\codehaus\groovy\groovy-json\3.0.2\groovy-json-3.0.2.jar;C:\Users\sinan\.m2\repository\io\rest-assured\rest-assured-common\4.3.0\rest-assured-common-4.3.0.jar;C:\Users\sinan\.m2\repository\io\rest-assured\xml-path\4.3.0\xml-path-4.3.0.jar;C:\Users\sinan\.m2\repository\jakarta\xml\bind\jakarta.xml.bind-api\2.3.2\jakarta.xml.bind-api-2.3.2.jar;C:\Users\sinan\.m2\repository\jakarta\activation\jakarta.activation-api\1.2.1\jakarta.activation-api-1.2.1.jar;C:\Users\sinan\.m2\repository\com\sun\xml\bind\jaxb-osgi\2.3.0.1\jaxb-osgi-2.3.0.1.jar;C:\Users\sinan\.m2\repository\org\apache\sling\org.apache.sling.javax.activation\0.1.0\org.apache.sling.javax.activation-0.1.0.jar;C:\Users\sinan\.m2\repository\javax\activation\activation\1.1.1\activation-1.1.1.jar;C:\Users\sinan\.m2\repository\org\json\json\20190722\json-20190722.jar;C:\Users\sinan\.m2\repository\org\testng\testng\7.5\testng-7.5.jar;C:\Users\sinan\.m2\repository\com\google\code\findbugs\jsr305\3.0.1\jsr305-3.0.1.jar;C:\Users\sinan\.m2\repository\com\beust\jcommander\1.78\jcommander-1.78.jar;C:\Users\sinan\.m2\repository\org\webjars\jquery\3.5.1\jquery-3.5.1.jar;C:\Users\sinan\.m2\repository\com\google\code\gson\gson\2.8.6\gson-2.8.6.jar;C:\Users\sinan\.m2\repository\org\codehaus\jackson\jackson-mapper-asl\1.9.13\jackson-mapper-asl-1.9.13.jar;C:\Users\sinan\.m2\repository\org\codehaus\jackson\jackson-core-asl\1.9.13\jackson-core-asl-1.9.13.jar;C:\Users\sinan\.m2\repository\org\hamcrest\hamcrest-library\2.2\hamcrest-library-2.2.jar;C:\Users\sinan\.m2\repository\org\hamcrest\hamcrest-core\2.2\hamcrest-core-2.2.jar;C:\Users\sinan\.m2\repository\org\apache\commons\commons-lang3\3.12.0\commons-lang3-3.12.0.jar;C:\Users\sinan\.m2\repository\commons-io\commons-io\1.3.2\commons-io-1.3.2.jar;C:\Users\sinan\.m2\repository\org\slf4j\slf4j-api\2.0.0-alpha7\slf4j-api-2.0.0-alpha7.jar;"/>
    <property name="sun.cpu.endian" value="little"/>
    <property name="user.home" value="C:\Users\sinan"/>
    <property name="user.language" value="en"/>
    <property name="java.specification.vendor" value="Oracle Corporation"/>
    <property name="java.version.date" value="2021-10-19"/>
    <property name="java.home" value="C:\Program Files\Java\jdk-11.0.13"/>
    <property name="file.separator" value="\"/>
    <property name="basedir" value="C:\Users\sinan\OneDrive\EclipsProjects\VideoGameProject"/>
    <property name="java.vm.compressedOopsMode" value="Zero based"/>
    <property name="line.separator" value="&#10;"/>
    <property name="java.specification.name" value="Java Platform API Specification"/>
    <property name="java.vm.specification.vendor" value="Oracle Corporation"/>
    <property name="java.awt.graphicsenv" value="sun.awt.Win32GraphicsEnvironment"/>
    <property name="surefire.real.class.path" value="C:\Users\sinan\AppData\Local\Temp\surefire11106494643420431539\surefirebooter8015239923417727957.jar"/>
    <property name="user.script" value=""/>
    <property name="sun.management.compiler" value="HotSpot 64-Bit Tiered Compilers"/>
    <property name="java.runtime.version" value="11.0.13+10-LTS-370"/>
    <property name="user.name" value="sinan"/>
    <property name="path.separator" value=";"/>
    <property name="os.version" value="10.0"/>
    <property name="java.runtime.name" value="Java(TM) SE Runtime Environment"/>
    <property name="file.encoding" value="Cp1252"/>
    <property name="java.vm.name" value="Java HotSpot(TM) 64-Bit Server VM"/>
    <property name="java.vendor.version" value="18.9"/>
    <property name="localRepository" value="C:\Users\sinan\.m2\repository"/>
    <property name="java.vendor.url.bug" value="https://bugreport.java.com/bugreport/"/>
    <property name="java.io.tmpdir" value="C:\Users\sinan\AppData\Local\Temp\"/>
    <property name="java.version" value="11.0.13"/>
    <property name="user.dir" value="C:\Users\sinan\OneDrive\EclipsProjects\VideoGameProject"/>
    <property name="os.arch" value="amd64"/>
    <property name="java.vm.specification.name" value="Java Virtual Machine Specification"/>
    <property name="java.awt.printerjob" value="sun.awt.windows.WPrinterJob"/>
    <property name="sun.os.patch.level" value=""/>
    <property name="java.library.path" value="C:\Program Files\Java\jdk-11.0.13\bin;C:\Windows\Sun\Java\bin;C:\Windows\system32;C:\Windows;C:\Python310\Scripts\;C:\Python310\;C:\Program Files\Common Files\Oracle\Java\javapath;C:\Windows\system32;C:\Windows;C:\Windows\System32\Wbem;C:\Windows\System32\WindowsPowerShell\v1.0\;C:\Windows\System32\OpenSSH\;C:\Program Files\Git\cmd;C:\Program Files\apache-maven-3.8.5\bin;C:\Program Files\Java\jdk-11.0.13\bin;C:\Program Files\nodejs\;C:\ProgramData\chocolatey\bin;F:\gradle-7.4.2\bin;C:\Users\sinan\AppData\Local\Microsoft\WindowsApps;;C:\Program Files\JetBrains\IntelliJ IDEA 2021.3.2\bin;;C:\Users\sinan\AppData\Roaming\npm;."/>
    <property name="java.vendor" value="Oracle Corporation"/>
    <property name="java.vm.info" value="mixed mode"/>
    <property name="java.vm.version" value="11.0.13+10-LTS-370"/>
    <property name="sun.io.unicode.encoding" value="UnicodeLittle"/>
    <property name="java.class.version" value="55.0"/>
  </properties>
  <testcase name="test_getAllVideoGames" classname="testCases.TC_VideoGameApi" time="1.423">
    <system-out><![CDATA[Request method:	GET
Request URI:	http://localhost:8080/app/videogames
Proxy:			<none>
Request params:	<none>
Query params:	<none>
Form params:	<none>
Path params:	<none>
Headers:		Accept=*/*
				Content-Type=application/json; charset=UTF-8
Cookies:		<none>
Multiparts:		<none>
Body:			<none>
HTTP/1.1 200 
Content-Type: application/xml
Content-Length: 1862
Date: Tue, 17 May 2022 15:46:18 GMT

<videoGames>
  <videoGame category="Shooter" rating="Universal">
    <id>1</id>
    <name>Resident Evil 4</name>
    <releaseDate>2005-10-01T00:00:00-04:00</releaseDate>
    <reviewScore>85</reviewScore>
  </videoGame>
  <videoGame category="Driving" rating="Universal">
    <id>2</id>
    <name>Gran Turismo 3</name>
    <releaseDate>2001-03-10T00:00:00-05:00</releaseDate>
    <reviewScore>91</reviewScore>
  </videoGame>
  <videoGame category="Puzzle" rating="Universal">
    <id>3</id>
    <name>Tetris</name>
    <releaseDate>1984-06-25T00:00:00-04:00</releaseDate>
    <reviewScore>88</reviewScore>
  </videoGame>
  <videoGame category="Platform" rating="Universal">
    <id>4</id>
    <name>Super Mario 64</name>
    <releaseDate>1996-10-20T00:00:00-04:00</releaseDate>
    <reviewScore>90</reviewScore>
  </videoGame>
  <videoGame category="Adventure" rating="PG-13">
    <id>5</id>
    <name>The Legend of Zelda: Ocarina of Time</name>
    <releaseDate>1998-12-10T00:00:00-05:00</releaseDate>
    <reviewScore>93</reviewScore>
  </videoGame>
  <videoGame category="Shooter" rating="Mature">
    <id>6</id>
    <name>Doom</name>
    <releaseDate>1993-02-18T00:00:00-05:00</releaseDate>
    <reviewScore>81</reviewScore>
  </videoGame>
  <videoGame category="Puzzle" rating="Universal">
    <id>7</id>
    <name>Minecraft</name>
    <releaseDate>2011-12-05T00:00:00-05:00</releaseDate>
    <reviewScore>77</reviewScore>
  </videoGame>
  <videoGame category="Strategy" rating="Universal">
    <id>8</id>
    <name>SimCity 2000</name>
    <releaseDate>1994-09-11T00:00:00-04:00</releaseDate>
    <reviewScore>88</reviewScore>
  </videoGame>
  <videoGame category="RPG" rating="PG-13">
    <id>9</id>
    <name>Final Fantasy VII</name>
    <releaseDate>1997-08-20T00:00:00-04:00</releaseDate>
    <reviewScore>97</reviewScore>
  </videoGame>
  <videoGame category="Driving" rating="Mature">
    <id>10</id>
    <name>Grand Theft Auto III</name>
    <releaseDate>2001-04-23T00:00:00-04:00</releaseDate>
    <reviewScore>90</reviewScore>
  </videoGame>
</videoGames>
]]></system-out>
    <system-err><![CDATA[SLF4J: No SLF4J providers were found.
SLF4J: Defaulting to no-operation (NOP) logger implementation
SLF4J: See http://www.slf4j.org/codes.html#noProviders for further details.
]]></system-err>
  </testcase>
  <testcase name="test_AddNewVideoGame" classname="testCases.TC_VideoGameApi" time="0.264">
    <system-out><![CDATA[{"status": "Record Added Successfully"}
]]></system-out>
    <system-err><![CDATA[[Fatal Error] :1:1: Content is not allowed in prolog.
]]></system-err>
  </testcase>
  <testcase name="get_VideoGame" classname="testCases.TC_VideoGameApi" time="0.474"/>
  <testcase name="test_UpdateVideoGame" classname="testCases.TC_VideoGameApi" time="0.042">
    <system-out><![CDATA[<videoGame category="Adventure" rating="Universal">
  <id>105</id>
  <name>Super Spider-Man</name>
  <releaseDate>2019-09-20T00:00:00-04:00</releaseDate>
  <reviewScore>4</reviewScore>
</videoGame>
]]></system-out>
  </testcase>
  <testcase name="deleteGame" classname="testCases.TC_VideoGameApi" time="3.016">
    <system-out><![CDATA[{"status": "Record Deleted Successfully"}
]]></system-out>
    <system-err><![CDATA[[Fatal Error] :1:1: Content is not allowed in prolog.
]]></system-err>
  </testcase>
</testsuite>