<?xml version="1.0" encoding="UTF-8"?>
<!-- Generated by org.testng.reporters.JUnitReportReporter -->
<testsuite hostname="DESKTOP-Q9V7GDP" failures="0" tests="5" name="testCases.TC_VideoGameApi" time="2.347" errors="0" timestamp="2022-05-17T11:25:05 EDT" skipped="0">
  <testcase classname="testCases.TC_VideoGameApi" name="test_getAllVideoGames" time="1.497"/>
  <system-out/>
  <testcase classname="testCases.TC_VideoGameApi" name="test_AddNewVideoGame" time="0.270"/>
  <system-out/>
  <testcase classname="testCases.TC_VideoGameApi" name="get_VideoGame" time="0.515"/>
  <system-out/>
  <testcase classname="testCases.TC_VideoGameApi" name="test_UpdateVideoGame" time="0.045"/>
  <system-out/>
  <testcase classname="testCases.TC_VideoGameApi" name="deleteGame" time="0.020"/>
  <system-out/>
</testsuite> <!-- testCases.TC_VideoGameApi -->
