<?xml version="1.0" encoding="UTF-8"?>
<!-- Generated by org.testng.reporters.JUnitReportReporter -->
<testsuite hostname="DESKTOP-Q9V7GDP" failures="0" tests="5" name="testCases.TC_VideoGameApi" time="5.213" errors="0" timestamp="2022-05-17T11:46:22 EDT" skipped="0">
  <testcase classname="testCases.TC_VideoGameApi" name="test_getAllVideoGames" time="1.416"/>
  <system-out/>
  <testcase classname="testCases.TC_VideoGameApi" name="test_AddNewVideoGame" time="0.249"/>
  <system-out/>
  <testcase classname="testCases.TC_VideoGameApi" name="get_VideoGame" time="0.486"/>
  <system-out/>
  <testcase classname="testCases.TC_VideoGameApi" name="test_UpdateVideoGame" time="0.042"/>
  <system-out/>
  <testcase classname="testCases.TC_VideoGameApi" name="deleteGame" time="3.020"/>
  <system-out/>
</testsuite> <!-- testCases.TC_VideoGameApi -->
